<?xml version="1.0" encoding="UTF-8"?>
<testng-results ignored="0" total="1" passed="1" failed="0" skipped="0">
  <reporter-output>
  </reporter-output>
  <suite started-at="2024-09-07T19:59:12 JST" name="MasterSuite" finished-at="2024-09-07T19:59:29 JST" duration-ms="17385">
    <groups>
      <group name="Master">
        <method signature="TC_009_ProductAdvanceSearchTest.verifyProductAdvanceSearch()[pri:1, instance:testCases.TC_009_ProductAdvanceSearchTest@34f7234e]" name="verifyProductAdvanceSearch" class="testCases.TC_009_ProductAdvanceSearchTest"/>
      </group> <!-- Master -->
      <group name="Sanity">
        <method signature="TC_009_ProductAdvanceSearchTest.verifyProductAdvanceSearch()[pri:1, instance:testCases.TC_009_ProductAdvanceSearchTest@34f7234e]" name="verifyProductAdvanceSearch" class="testCases.TC_009_ProductAdvanceSearchTest"/>
      </group> <!-- Sanity -->
    </groups>
    <test started-at="2024-09-07T19:59:12 JST" name="Test" finished-at="2024-09-07T19:59:29 JST" duration-ms="17385">
      <class name="testCases.TC_009_ProductAdvanceSearchTest">
        <test-method is-config="true" signature="setup(java.lang.String,java.lang.String)[pri:0, instance:testCases.TC_009_ProductAdvanceSearchTest@34f7234e]" started-at="2024-09-07T19:59:12 JST" name="setup" finished-at="2024-09-07T19:59:19 JST" duration-ms="7121" status="PASS">
          <params>
            <param index="0">
              <value>
                <![CDATA[Windows]]>
              </value>
            </param>
            <param index="1">
              <value>
                <![CDATA[chrome]]>
              </value>
            </param>
          </params>
          <reporter-output>
          </reporter-output>
        </test-method> <!-- setup -->
        <test-method signature="verifyProductAdvanceSearch()[pri:1, instance:testCases.TC_009_ProductAdvanceSearchTest@34f7234e]" started-at="2024-09-07T19:59:19 JST" name="verifyProductAdvanceSearch" finished-at="2024-09-07T19:59:29 JST" duration-ms="9866" status="PASS">
          <reporter-output>
          </reporter-output>
        </test-method> <!-- verifyProductAdvanceSearch -->
        <test-method is-config="true" signature="tearDown()[pri:0, instance:testCases.TC_009_ProductAdvanceSearchTest@34f7234e]" started-at="2024-09-07T19:59:29 JST" name="tearDown" finished-at="2024-09-07T19:59:29 JST" duration-ms="118" status="PASS">
          <reporter-output>
          </reporter-output>
        </test-method> <!-- tearDown -->
      </class> <!-- testCases.TC_009_ProductAdvanceSearchTest -->
    </test> <!-- Test -->
  </suite> <!-- MasterSuite -->
</testng-results>
