<?xml version="1.0" encoding="UTF-8"?>
<testng-results ignored="0" total="1" passed="1" failed="0" skipped="0">
  <reporter-output>
  </reporter-output>
  <suite started-at="2024-09-05T01:15:45 JST" name="MasterSuite" finished-at="2024-09-05T01:15:54 JST" duration-ms="9643">
    <groups>
      <group name="Master">
        <method signature="TC_003_LoginTest.verify_Login()[pri:2, instance:testCases.TC_003_LoginTest@34f7234e]" name="verify_Login" class="testCases.TC_003_LoginTest"/>
      </group> <!-- Master -->
      <group name="Sanity">
        <method signature="TC_003_LoginTest.verify_Login()[pri:2, instance:testCases.TC_003_LoginTest@34f7234e]" name="verify_Login" class="testCases.TC_003_LoginTest"/>
      </group> <!-- Sanity -->
    </groups>
    <test started-at="2024-09-05T01:15:45 JST" name="Test" finished-at="2024-09-05T01:15:54 JST" duration-ms="9643">
      <class name="testCases.TC_003_LoginTest">
        <test-method is-config="true" signature="setup(java.lang.String,java.lang.String)[pri:0, instance:testCases.TC_003_LoginTest@34f7234e]" started-at="2024-09-05T01:15:45 JST" name="setup" finished-at="2024-09-05T01:15:50 JST" duration-ms="5522" status="PASS">
          <params>
            <param index="0">
              <value>
                <![CDATA[Windows]]>
              </value>
            </param>
            <param index="1">
              <value>
                <![CDATA[chrome]]>
              </value>
            </param>
          </params>
          <reporter-output>
          </reporter-output>
        </test-method> <!-- setup -->
        <test-method signature="verify_Login()[pri:2, instance:testCases.TC_003_LoginTest@34f7234e]" started-at="2024-09-05T01:15:50 JST" name="verify_Login" finished-at="2024-09-05T01:15:54 JST" duration-ms="3681" status="PASS">
          <reporter-output>
          </reporter-output>
        </test-method> <!-- verify_Login -->
        <test-method is-config="true" signature="tearDown()[pri:0, instance:testCases.TC_003_LoginTest@34f7234e]" started-at="2024-09-05T01:15:54 JST" name="tearDown" finished-at="2024-09-05T01:15:54 JST" duration-ms="104" status="PASS">
          <reporter-output>
          </reporter-output>
        </test-method> <!-- tearDown -->
      </class> <!-- testCases.TC_003_LoginTest -->
    </test> <!-- Test -->
  </suite> <!-- MasterSuite -->
</testng-results>
