<?xml version="1.0" encoding="UTF-8"?>
<testng-results ignored="0" total="1" passed="1" failed="0" skipped="0">
  <reporter-output>
  </reporter-output>
  <suite started-at="2024-09-03T15:36:02 JST" name="E2ESuite" finished-at="2024-09-03T15:36:44 JST" duration-ms="42068">
    <groups>
      <group name="E2E">
        <method signature="TC_0011_EndToEndTest.EndToEndTest()[pri:0, instance:testCases.TC_0011_EndToEndTest@4550bb58]" name="EndToEndTest" class="testCases.TC_0011_EndToEndTest"/>
      </group> <!-- E2E -->
    </groups>
    <test started-at="2024-09-03T15:36:02 JST" name="Test" finished-at="2024-09-03T15:36:44 JST" duration-ms="42068">
      <class name="testCases.TC_0011_EndToEndTest">
        <test-method is-config="true" signature="setup(java.lang.String,java.lang.String)[pri:0, instance:testCases.TC_0011_EndToEndTest@4550bb58]" started-at="2024-09-03T15:36:03 JST" name="setup" finished-at="2024-09-03T15:36:09 JST" duration-ms="6411" status="PASS">
          <params>
            <param index="0">
              <value>
                <![CDATA[Windows]]>
              </value>
            </param>
            <param index="1">
              <value>
                <![CDATA[chrome]]>
              </value>
            </param>
          </params>
          <reporter-output>
          </reporter-output>
        </test-method> <!-- setup -->
        <test-method signature="EndToEndTest()[pri:0, instance:testCases.TC_0011_EndToEndTest@4550bb58]" started-at="2024-09-03T15:36:09 JST" name="EndToEndTest" finished-at="2024-09-03T15:36:44 JST" duration-ms="34995" status="PASS">
          <reporter-output>
          </reporter-output>
        </test-method> <!-- EndToEndTest -->
        <test-method is-config="true" signature="tearDown()[pri:0, instance:testCases.TC_0011_EndToEndTest@4550bb58]" started-at="2024-09-03T15:36:44 JST" name="tearDown" finished-at="2024-09-03T15:36:44 JST" duration-ms="130" status="PASS">
          <reporter-output>
          </reporter-output>
        </test-method> <!-- tearDown -->
      </class> <!-- testCases.TC_0011_EndToEndTest -->
    </test> <!-- Test -->
  </suite> <!-- E2ESuite -->
</testng-results>
