<?xml version="1.0" encoding="UTF-8"?>
<!-- Generated by org.testng.reporters.JUnitXMLReporter -->
<testsuite ignored="0" hostname="LAPTOP-4UCTG595" failures="1" tests="1" name="Test" time="27.213" errors="0" timestamp="2024-09-18T01:53:29 JST">
  <testcase classname="testCases.TC_14_WishListFunctionalityTest" name="verifyWishListFunctionality" time="14.589">
    <failure type="java.lang.AssertionError" message="expected [false] but found [true]">
      <![CDATA[java.lang.AssertionError: expected [false] but found [true]
at testCases.TC_14_WishListFunctionalityTest.verifyWishListFunctionality(TC_14_WishListFunctionalityTest.java:57)
at java.base/java.util.ArrayList.forEach(ArrayList.java:1596)
... Removed 31 stack frames]]>
    </failure>
  </testcase> <!-- verifyWishListFunctionality -->
</testsuite> <!-- Test -->
